2026-03-25 13:48:16.621 [INFO ] [org.openhab.core.Activator          ] - Starting openHAB 4.3.0 (Release Build)
2026-03-25 13:48:17.005 [INFO ] [.core.internal.i18n.I18nProviderImpl] - Time zone set to 'Europe/Kiev'.
2026-03-25 13:48:17.006 [INFO ] [.core.internal.i18n.I18nProviderImpl] - Locale set to 'uk'.
2026-03-25 13:48:24.877 [WARN ] [.core.internal.folder.FolderObserver] - Directory 'things' does not exist in '/openhab/conf'. Please check your configuration settings!
2026-03-25 13:48:24.878 [WARN ] [.core.internal.folder.FolderObserver] - Directory 'scripts' does not exist in '/openhab/conf'. Please check your configuration settings!
2026-03-25 13:48:24.891 [WARN ] [.core.internal.folder.FolderObserver] - Directory 'rules' does not exist in '/openhab/conf'. Please check your configuration settings!
2026-03-25 13:48:24.898 [INFO ] [el.core.internal.ModelRepositoryImpl] - Loading model 'edge-analytics.items'
2026-03-25 13:48:25.627 [INFO ] [el.core.internal.ModelRepositoryImpl] - Loading model 'rrd4j.persist'
2026-03-25 13:48:25.689 [INFO ] [el.core.internal.ModelRepositoryImpl] - Loading model 'mapdb.persist'
2026-03-25 13:48:26.017 [INFO ] [el.core.internal.ModelRepositoryImpl] - Loading model 'edge_analytics.sitemap'
2026-03-25 13:48:27.318 [WARN ] [ity.CommunityMarketplaceAddonService] - Unable to retrieve marketplace add-ons: java.lang.IllegalStateException: Expected a string but was BEGIN_OBJECT at line 1 column 21153 path $.topic_list.topics[1].tags[0]
2026-03-25 13:48:29.019 [INFO ] [.core.model.lsp.internal.ModelServer] - Started Language Server Protocol (LSP) service on port 5007
2026-03-25 13:48:32.046 [WARN ] [ty.util.ssl.SslContextFactory.config] - Trusting all certificates configured for Client@354ef98[provider=null,keyStore=null,trustStore=null]
2026-03-25 13:48:32.047 [WARN ] [ty.util.ssl.SslContextFactory.config] - No Client EndPointIdentificationAlgorithm configured for Client@354ef98[provider=null,keyStore=null,trustStore=null]
2026-03-25 13:48:43.284 [INFO ] [e.automation.internal.RuleEngineImpl] - Rule engine started.
2026-03-25 13:48:43.331 [INFO ] [ort.loader.AbstractScriptFileWatcher] - (Re-)Loading script '/openhab/conf/automation/js/anomaly-detection.js'
2026-03-25 13:48:49.022 [INFO ] [.openhab.automation.openhab-js.rules] - Adding rule: Anomaly Detection – startup
2026-03-25 13:48:49.401 [INFO ] [.openhab.automation.openhab-js.rules] - Adding rule: Anomaly Detection – every minute
2026-03-25 13:48:49.444 [INFO ] [ort.loader.AbstractScriptFileWatcher] - (Re-)Loading script '/openhab/conf/automation/js/cloud-alerts.js'
2026-03-25 13:48:50.341 [INFO ] [.openhab.automation.openhab-js.rules] - Adding rule: Cloud Alerts – startup
2026-03-25 13:48:50.376 [INFO ] [.openhab.automation.openhab-js.rules] - Adding rule: Cloud Alerts – batch dispatcher
2026-03-25 13:48:50.389 [INFO ] [ort.loader.AbstractScriptFileWatcher] - (Re-)Loading script '/openhab/conf/automation/js/edge-aggregation.js'
2026-03-25 13:48:50.728 [INFO ] [.openhab.automation.openhab-js.rules] - Adding rule: Edge Aggregation – startup
2026-03-25 13:48:50.955 [INFO ] [.openhab.automation.openhab-js.rules] - Adding rule: Edge Aggregation – every minute
2026-03-25 13:48:50.962 [INFO ] [ort.loader.AbstractScriptFileWatcher] - (Re-)Loading script '/openhab/conf/automation/js/edge-analytics.js'
2026-03-25 13:48:51.259 [INFO ] [.openhab.automation.openhab-js.rules] - Adding rule: Edge Analytics – startup
2026-03-25 13:48:51.276 [INFO ] [.openhab.automation.openhab-js.rules] - Adding rule: Edge Analytics – statistical processing
2026-03-25 13:48:51.289 [INFO ] [ort.loader.AbstractScriptFileWatcher] - (Re-)Loading script '/openhab/conf/automation/js/edge-simulation.js'
2026-03-25 13:48:51.638 [INFO ] [.openhab.automation.openhab-js.rules] - Adding rule: Edge Simulation – startup
2026-03-25 13:48:51.654 [INFO ] [utomation.openhab-js.edge-simulation] - Pre-warming 60 minutes of synthetic history…
2026-03-25 13:48:52.758 [INFO ] [utomation.openhab-js.edge-simulation] - Pre-warm complete (60 ticks)
2026-03-25 13:48:52.778 [INFO ] [.openhab.automation.openhab-js.rules] - Adding rule: Edge Simulation – every minute
2026-03-25 13:50:10.807 [INFO ] [b.core.io.websocket.log.LogWebSocket] - WebSocket error: java.util.concurrent.TimeoutException: Idle timeout expired: 10000/10000 ms
2026-03-25 13:55:13.969 [INFO ] [b.core.io.websocket.log.LogWebSocket] - WebSocket error: java.util.concurrent.TimeoutException: Idle timeout expired: 10001/10000 ms
